<?xml version="1.0" encoding="utf-8"?><testsuites name="pytest tests"><testsuite name="pytest" errors="0" failures="0" skipped="0" tests="16" time="0.103" timestamp="2026-09-20T11:17:38.467407-05:00" hostname="jkershaw-mac"><testcase classname="backend.tests.test_catalog_intake_discovery_worker" name="test_discovery_runner_generates_sanitized_draft_and_cleanup_receipt" time="0.010" /><testcase classname="backend.tests.test_catalog_intake_discovery_worker" name="test_discovery_runner_denies_unapproved_repository_without_checkout" time="0.001" /><testcase classname="backend.tests.test_catalog_intake_discovery_worker" name="test_discovery_runner_denies_approval_for_a_different_revision" time="0.001" /><testcase classname="backend.tests.test_catalog_intake_discovery_worker" name="test_discovery_runner_rejects_source_secret_without_leaking_it" time="0.007" /><testcase classname="backend.tests.test_catalog_intake_discovery_worker" name="test_discovery_runner_scans_the_entire_source_file" time="0.016" /><testcase classname="backend.tests.test_catalog_intake_discovery_worker" name="test_discovery_idempotency_key_is_stable_for_same_source_and_policy" time="0.000" /><testcase classname="backend.tests.test_catalog_intake_discovery_worker" name="test_discovery_request_rejects_mutable_source_and_credential_fields" time="0.001" /><testcase classname="backend.tests.test_catalog_intake_discovery_worker" name="test_discovery_runner_rejects_secret_like_payload_before_checkout" time="0.001" /><testcase classname="backend.tests.test_catalog_intake_discovery_worker" name="test_worker_bootstrap_failure_never_echoes_payload" time="0.001" /><testcase classname="backend.tests.test_catalog_intake_discovery_job" name="test_job_bundle_enforces_isolated_ephemeral_runtime" time="0.000" /><testcase classname="backend.tests.test_catalog_intake_discovery_job" name="test_job_bundle_only_allows_dns_and_egress_proxy" time="0.000" /><testcase classname="backend.tests.test_catalog_intake_discovery_job" name="test_job_bundle_rejects_mutable_worker_image_and_external_proxy" time="0.000" /><testcase classname="backend.tests.test_catalog_intake_discovery_job" name="test_job_bundle_rejects_worker_image_that_differs_from_approved_digest" time="0.000" /><testcase classname="backend.tests.test_catalog_intake_discovery_job" name="test_job_bundle_rejects_mismatched_or_expired_source_approval" time="0.000" /><testcase classname="backend.tests.test_catalog_intake_discovery_job" name="test_worker_container_has_pinned_base_and_no_cluster_tooling" time="0.000" /><testcase classname="backend.tests.test_catalog_intake_discovery_job" name="test_worker_contract_remains_analysis_only_and_release_blocked" time="0.003" /></testsuite></testsuites>