<?xml version="1.0" encoding="utf-8"?><testsuites name="pytest tests"><testsuite name="pytest" errors="2" failures="0" skipped="0" tests="2" time="0.076" timestamp="2026-09-20T11:07:56.029426-05:00" hostname="jkershaw-mac"><testcase classname="" name="backend.tests.test_catalog_intake_discovery_worker" time="0.000"><error message="collection failure">ImportError while importing test module '/Users/jkershaw/Documents/launchpad/backend/tests/test_catalog_intake_discovery_worker.py'.
Hint: make sure your test modules/packages have valid Python names.
Traceback:
../../.local/share/uv/python/cpython-3.14.6-macos-aarch64-none/lib/python3.14/importlib/__init__.py:88: in import_module
    return _bootstrap._gcd_import(name[level:], package, level)
           ^^^^^^^^^^^^^^^^^^^^^^^^^^^^^^^^^^^^^^^^^^^^^^^^^^^^
backend/tests/test_catalog_intake_discovery_worker.py:6: in &lt;module&gt;
    from app.domain.catalog_intake_discovery import CatalogIntakeDiscoveryRequest
E   ModuleNotFoundError: No module named 'app.domain.catalog_intake_discovery'</error></testcase><testcase classname="" name="backend.tests.test_catalog_intake_discovery_job" time="0.000"><error message="collection failure">ImportError while importing test module '/Users/jkershaw/Documents/launchpad/backend/tests/test_catalog_intake_discovery_job.py'.
Hint: make sure your test modules/packages have valid Python names.
Traceback:
../../.local/share/uv/python/cpython-3.14.6-macos-aarch64-none/lib/python3.14/importlib/__init__.py:88: in import_module
    return _bootstrap._gcd_import(name[level:], package, level)
           ^^^^^^^^^^^^^^^^^^^^^^^^^^^^^^^^^^^^^^^^^^^^^^^^^^^^
backend/tests/test_catalog_intake_discovery_job.py:4: in &lt;module&gt;
    from app.domain.catalog_intake_discovery import CatalogIntakeDiscoveryRequest
E   ModuleNotFoundError: No module named 'app.domain.catalog_intake_discovery'</error></testcase></testsuite></testsuites>