<?xml version="1.0" encoding="utf-8"?><testsuites name="pytest tests"><testsuite name="pytest" errors="0" failures="0" skipped="0" tests="47" time="0.597" timestamp="2026-09-19T21:36:16.001665-05:00" hostname="jkershaw-mac"><testcase classname="backend.tests.test_maas_key_broker" name="test_virtual_key_is_scoped_and_limited" time="0.001" /><testcase classname="backend.tests.test_maas_key_broker" name="test_virtual_key_generation_fails_without_returned_key" time="0.000" /><testcase classname="backend.tests.test_maas_key_broker" name="test_virtual_key_is_revoked_at_gateway" time="0.001" /><testcase classname="backend.tests.test_maas_key_broker" name="test_virtual_key_can_be_revoked_by_non_secret_alias" time="0.000" /><testcase classname="backend.tests.test_maas_key_broker" name="test_provisioning_uses_broker_key_and_reclaim_revokes_it" time="0.001" /><testcase classname="backend.tests.test_maas_key_broker" name="test_cleanup_inspection_requires_matching_model_key_receipt" time="0.000" /><testcase classname="backend.tests.test_maas_key_broker" name="test_reclaim_fails_closed_when_broker_returns_no_revocation_receipt" time="0.001" /><testcase classname="backend.tests.test_maas_key_broker" name="test_failed_secret_revocation_recovers_by_persisted_alias" time="0.001" /><testcase classname="backend.tests.test_maas_key_broker" name="test_existing_matching_receipt_makes_key_revocation_retry_idempotent" time="0.001" /><testcase classname="backend.tests.test_maas_key_broker" name="test_virtual_key_metadata_carries_workshop_and_seat_identity" time="0.000" /><testcase classname="backend.tests.test_maas_key_broker" name="test_provisioning_fails_closed_and_releases_reservation_on_key_error" time="0.002" /><testcase classname="backend.tests.test_maas_key_broker" name="test_direct_model_endpoint_is_explicitly_not_reported_as_key_attributed" time="0.000" /><testcase classname="backend.tests.test_cleanup_hardening.TestTTLEnforcement" name="test_workshop_seats_share_one_order_expiration" time="0.002" /><testcase classname="backend.tests.test_cleanup_hardening.TestTTLEnforcement" name="test_enforce_ttl_reclaims_expired_workshop_as_one_order" time="0.002" /><testcase classname="backend.tests.test_cleanup_hardening.TestTTLEnforcement" name="test_enforce_ttl_reclaims_expired_session" time="0.001" /><testcase classname="backend.tests.test_cleanup_hardening.TestTTLEnforcement" name="test_enforce_ttl_skips_persistent" time="0.000" /><testcase classname="backend.tests.test_cleanup_hardening.TestTTLEnforcement" name="test_enforce_ttl_skips_already_reclaimed" time="0.000" /><testcase classname="backend.tests.test_cleanup_hardening.TestTTLEnforcement" name="test_enforce_ttl_skips_provisioning" time="0.000" /><testcase classname="backend.tests.test_cleanup_hardening.TestCredentialScrubbing" name="test_reclaim_scrubs_maas_key" time="0.000" /><testcase classname="backend.tests.test_cleanup_hardening.TestCredentialScrubbing" name="test_reclaim_scrubs_sa_token_from_resources" time="0.000" /><testcase classname="backend.tests.test_cleanup_hardening.TestCredentialScrubbing" name="test_reclaim_scrubs_plan_credentials" time="0.000" /><testcase classname="backend.tests.test_cleanup_hardening.TestCredentialScrubbing" name="test_force_reclaim_scrubs_credentials" time="0.000" /><testcase classname="backend.tests.test_cleanup_hardening.TestForceReclaimCleanup" name="test_force_reclaim_calls_cleanup_on_namespace" time="0.001" /><testcase classname="backend.tests.test_cleanup_hardening.TestForceReclaimCleanup" name="test_force_reclaim_can_require_successful_cleanup" time="0.000" /><testcase classname="backend.tests.test_cleanup_hardening.TestWorkshopErrorTracking" name="test_workshop_all_success" time="0.001" /><testcase classname="backend.tests.test_cleanup_hardening.TestWorkshopErrorTracking" name="test_workshop_partial_failure_tracked" time="0.001" /><testcase classname="backend.tests.test_cleanup_hardening.TestWorkshopErrorTracking" name="test_completed_with_errors_can_be_requeued_after_cleanup_is_repaired" time="0.001" /><testcase classname="backend.tests.test_cleanup_hardening.TestWorkshopErrorTracking" name="test_workshop_does_not_hide_force_cleanup_failure" time="0.001" /><testcase classname="backend.tests.test_cleanup_hardening.TestCleanupAuditTrail" name="test_reclaim_lifecycle_event_has_cleanup_metadata" time="0.000" /><testcase classname="backend.tests.test_event_orchestration" name="test_event_orchestration_contract_keeps_public_access_pending" time="0.012" /><testcase classname="backend.tests.test_event_orchestration" name="test_launch_queues_every_reserved_workshop_on_its_persisted_cluster" time="0.002" /><testcase classname="backend.tests.test_event_orchestration" name="test_launch_is_idempotent_and_does_not_duplicate_lifecycle_jobs" time="0.001" /><testcase classname="backend.tests.test_event_orchestration" name="test_partial_queue_failure_can_be_retried_without_duplicate_workshops" time="0.001" /><testcase classname="backend.tests.test_event_orchestration" name="test_launch_fails_closed_when_event_reservations_are_incomplete" time="0.000" /><testcase classname="backend.tests.test_event_orchestration" name="test_public_access_activation_waits_for_complete_workshop_readiness" time="0.001" /><testcase classname="backend.tests.test_event_orchestration" name="test_public_access_activation_returns_code_once_after_readiness" time="0.023" /><testcase classname="backend.tests.test_event_orchestration" name="test_public_access_activation_rejects_released_capacity_binding" time="0.001" /><testcase classname="backend.tests.test_event_orchestration" name="test_event_status_reconciles_reservations_jobs_seats_and_public_access" time="0.041" /><testcase classname="backend.tests.test_event_orchestration" name="test_event_status_surfaces_incomplete_reservation_plan_without_mutation" time="0.000" /><testcase classname="backend.tests.test_event_orchestration" name="test_event_status_surfaces_expired_capacity_as_attention_required" time="0.000" /><testcase classname="backend.tests.test_event_orchestration" name="test_event_reclaim_disables_access_before_cluster_bound_cleanup" time="0.041" /><testcase classname="backend.tests.test_event_orchestration" name="test_event_reclaim_fails_before_disabling_access_for_incomplete_plan" time="0.022" /><testcase classname="backend.tests.test_event_orchestration" name="test_partial_event_reclaim_queue_failure_recovers_without_duplicate_jobs" time="0.040" /><testcase classname="backend.tests.test_event_orchestration" name="test_event_cleanup_finalization_releases_capacity_with_stable_evidence" time="0.056" /><testcase classname="backend.tests.test_event_orchestration" name="test_event_cleanup_finalization_fails_closed_until_jobs_complete" time="0.041" /><testcase classname="backend.tests.test_event_orchestration" name="test_event_cleanup_finalization_rejects_external_residue" time="0.062" /><testcase classname="backend.tests.test_event_orchestration" name="test_event_cleanup_finalization_fails_closed_when_inspection_errors" time="0.065" /></testsuite></testsuites>