<?xml version="1.0" encoding="utf-8"?><testsuites name="pytest tests"><testsuite name="pytest" errors="1" failures="0" skipped="0" tests="1" time="0.109" timestamp="2026-09-20T12:25:10.077884-05:00" hostname="jkershaw-mac"><testcase classname="" name="backend.tests.test_catalog_intake_review_journey" time="0.000"><error message="collection failure">ImportError while importing test module '/private/var/folders/qh/kgyp2lln3nb8t1rt2yc1rr4w0000gn/T/tmp.Im3FRGyQJd/backend/tests/test_catalog_intake_review_journey.py'.
Hint: make sure your test modules/packages have valid Python names.
Traceback:
/Users/jkershaw/.local/share/uv/python/cpython-3.14.6-macos-aarch64-none/lib/python3.14/importlib/__init__.py:88: in import_module
    return _bootstrap._gcd_import(name[level:], package, level)
           ^^^^^^^^^^^^^^^^^^^^^^^^^^^^^^^^^^^^^^^^^^^^^^^^^^^^
backend/tests/test_catalog_intake_review_journey.py:15: in &lt;module&gt;
    from app.services.catalog_intake_discovery_coordinator import (
E   ModuleNotFoundError: No module named 'app.services.catalog_intake_discovery_coordinator'</error></testcase></testsuite></testsuites>